14:53:43.051 INFO - Selenium build info: version: '3.8.1', revision: '6e95a6684b'
14:53:43.052 INFO - Launching a standalone Selenium Server
2018-01-19 14:53:43.146:INFO::main: Logging initialized @338ms to org.seleniumhq.jetty9.util.log.StdErrLog
14:53:43.177 INFO - Using `new FirefoxOptions()` is preferred to `DesiredCapabilities.firefox()`
14:53:43.193 INFO - Using `new ChromeOptions()` is preferred to `DesiredCapabilities.chrome()`
14:53:43.193 INFO - Using `new EdgeOptions()` is preferred to `DesiredCapabilities.edge()`
14:53:43.193 INFO - Driver class not found: com.opera.core.systems.OperaDriver
14:53:43.193 INFO - Using `new OperaOptions()` is preferred to `DesiredCapabilities.operaBlink()`
14:53:43.193 INFO - Using `new SafariOptions()` is preferred to `DesiredCapabilities.safari()`
14:53:43.193 INFO - Driver class not found: org.openqa.selenium.phantomjs.PhantomJSDriver
14:53:43.208 INFO - Driver provider class org.openqa.selenium.safari.SafariDriver registration is skipped:
 registration capabilities Capabilities {browserName: safari, platform: MAC, version: } does not match the current platform WIN10
14:53:43.239 INFO - Using `new ChromeOptions()` is preferred to `DesiredCapabilities.chrome()`
14:53:43.239 INFO - Using `new EdgeOptions()` is preferred to `DesiredCapabilities.edge()`
14:53:43.239 INFO - Using `new FirefoxOptions()` is preferred to `DesiredCapabilities.firefox()`
14:53:43.239 INFO - Using `new OperaOptions()` is preferred to `DesiredCapabilities.operaBlink()`
14:53:43.239 INFO - Using `new SafariOptions()` is preferred to `DesiredCapabilities.safari()`
14:53:43.239 INFO - Using the passthrough mode handler
2018-01-19 14:53:43.255:INFO:osjs.Server:main: jetty-9.4.7.v20170914
2018-01-19 14:53:43.271:WARN:osjs.SecurityHandler:main: ServletContext@o.s.j.s.ServletContextHandler@5524cca1{/,null,STARTING} has uncovered http methods for path: /
2018-01-19 14:53:43.271:INFO:osjsh.ContextHandler:main: Started o.s.j.s.ServletContextHandler@5524cca1{/,null,AVAILABLE}
2018-01-19 14:53:43.349:INFO:osjs.AbstractConnector:main: Started ServerConnector@17503f6b{HTTP/1.1,[http/1.1]}{0.0.0.0:4445}
2018-01-19 14:53:43.349:INFO:osjs.Server:main: Started @533ms
14:53:43.349 INFO - Selenium Server is up and running
2018-01-19 14:53:43.484:INFO:osjshC.ROOT:qtp1712943792-18: org.openqa.selenium.remote.server.WebDriverServlet-71a8adcf: Initialising WebDriverServlet
14:53:43.526 INFO - Found handler: org.openqa.selenium.remote.server.commandhandler.BeginSession@54645f98
14:53:43.530 INFO - /session: Executing POST on /session (handler: BeginSession)
14:53:43.567 INFO - Capabilities are: Capabilities {acceptSslCerts: true, browserName: chrome, javascriptEnabled: true, name: Tests}
14:53:43.568 INFO - Capabilities {acceptSslCerts: true, browserName: chrome, javascriptEnabled: true, name: Tests} matched class org.openqa.selenium.remote.server.ServicedSession$Factory (provider: org.openqa.selenium.chrome.ChromeDriverService)
Starting ChromeDriver 2.33.506120 (e3e53437346286c0bc2d2dc9aa4915ba81d9023f) on port 9309
Only local connections are allowed.
14:53:45.737 INFO - Detected dialect: OSS
14:53:45.940 INFO - Found handler: org.openqa.selenium.remote.server.ServicedSession@5324fe16
14:53:45.940 INFO - Handler thread for session c7315bd48b8b110d973d246dfb1ad667 (chrome): Executing POST on /session/c7315bd48b8b110d973d246dfb1ad667/url (handler: ServicedSession)
14:53:45.940 INFO - To upstream: {"url":"http://localhost:3000"}
14:53:46.252 INFO - To downstream: {"sessionId":"c7315bd48b8b110d973d246dfb1ad667","status":0,"value":null}
14:53:46.256 INFO - Found handler: org.openqa.selenium.remote.server.ServicedSession@5324fe16
14:53:46.257 INFO - Handler thread for session c7315bd48b8b110d973d246dfb1ad667 (chrome): Executing POST on /session/c7315bd48b8b110d973d246dfb1ad667/element (handler: ServicedSession)
14:53:46.258 INFO - To upstream: {"using":"css selector","value":"input[name=\"evenOddInput\"]"}
14:53:46.276 INFO - To downstream: {"sessionId":"c7315bd48b8b110d973d246dfb1ad667","status":0,"value":{"ELEMENT":"0.688660713116078-1"}}
14:53:46.278 INFO - Found handler: org.openqa.selenium.remote.server.ServicedSession@5324fe16
14:53:46.279 INFO - Handler thread for session c7315bd48b8b110d973d246dfb1ad667 (chrome): Executing POST on /session/c7315bd48b8b110d973d246dfb1ad667/element/0.688660713116078-1/clear (handler: ServicedSession)
14:53:46.280 INFO - To upstream: 
14:53:46.298 INFO - To downstream: {"sessionId":"c7315bd48b8b110d973d246dfb1ad667","status":0,"value":null}
14:53:46.301 INFO - Found handler: org.openqa.selenium.remote.server.ServicedSession@5324fe16
14:53:46.302 INFO - Handler thread for session c7315bd48b8b110d973d246dfb1ad667 (chrome): Executing POST on /session/c7315bd48b8b110d973d246dfb1ad667/element (handler: ServicedSession)
14:53:46.303 INFO - To upstream: {"using":"css selector","value":"input[name=\"evenOddInput\"]"}
14:53:46.309 INFO - To downstream: {"sessionId":"c7315bd48b8b110d973d246dfb1ad667","status":0,"value":{"ELEMENT":"0.688660713116078-1"}}
14:53:46.312 INFO - Found handler: org.openqa.selenium.remote.server.ServicedSession@5324fe16
14:53:46.312 INFO - Handler thread for session c7315bd48b8b110d973d246dfb1ad667 (chrome): Executing POST on /session/c7315bd48b8b110d973d246dfb1ad667/element/0.688660713116078-1/value (handler: ServicedSession)
14:53:46.313 INFO - To upstream: {"value":["1","0",",","3","1",",","4","6",",","5","2",",","3","7",",","9","3"]}
14:53:46.397 INFO - To downstream: {"sessionId":"c7315bd48b8b110d973d246dfb1ad667","status":0,"value":null}
14:53:46.401 INFO - Found handler: org.openqa.selenium.remote.server.ServicedSession@5324fe16
14:53:46.402 INFO - Handler thread for session c7315bd48b8b110d973d246dfb1ad667 (chrome): Executing POST on /session/c7315bd48b8b110d973d246dfb1ad667/element (handler: ServicedSession)
14:53:46.402 INFO - To upstream: {"using":"css selector","value":"input[name=\"evenOddInput\"]"}
14:53:46.410 INFO - To downstream: {"sessionId":"c7315bd48b8b110d973d246dfb1ad667","status":0,"value":{"ELEMENT":"0.688660713116078-1"}}
14:53:46.413 INFO - Found handler: org.openqa.selenium.remote.server.ServicedSession@5324fe16
14:53:46.413 INFO - Handler thread for session c7315bd48b8b110d973d246dfb1ad667 (chrome): Executing GET on /session/c7315bd48b8b110d973d246dfb1ad667/element/0.688660713116078-1/attribute/value (handler: ServicedSession)
14:53:46.418 INFO - To downstream: {"sessionId":"c7315bd48b8b110d973d246dfb1ad667","status":0,"value":"10,31,46,52,37,93"}
14:53:46.422 INFO - Found handler: org.openqa.selenium.remote.server.ServicedSession@5324fe16
14:53:46.422 INFO - Handler thread for session c7315bd48b8b110d973d246dfb1ad667 (chrome): Executing POST on /session/c7315bd48b8b110d973d246dfb1ad667/element (handler: ServicedSession)
14:53:46.423 INFO - To upstream: {"using":"css selector","value":"button[name=\"evenOddButton\"]"}
14:53:46.433 INFO - To downstream: {"sessionId":"c7315bd48b8b110d973d246dfb1ad667","status":0,"value":{"ELEMENT":"0.688660713116078-2"}}
14:53:46.436 INFO - Found handler: org.openqa.selenium.remote.server.ServicedSession@5324fe16
14:53:46.436 INFO - Handler thread for session c7315bd48b8b110d973d246dfb1ad667 (chrome): Executing POST on /session/c7315bd48b8b110d973d246dfb1ad667/element/0.688660713116078-2/click (handler: ServicedSession)
14:53:46.437 INFO - To upstream: 
14:53:46.475 INFO - To downstream: {"sessionId":"c7315bd48b8b110d973d246dfb1ad667","status":0,"value":null}
14:53:46.584 INFO - Found handler: org.openqa.selenium.remote.server.ServicedSession@5324fe16
14:53:46.585 INFO - Handler thread for session c7315bd48b8b110d973d246dfb1ad667 (chrome): Executing POST on /session/c7315bd48b8b110d973d246dfb1ad667/elements (handler: ServicedSession)
14:53:46.588 INFO - To upstream: {"using":"css selector","value":"span[name=\"evenResults\"]"}
14:53:46.604 INFO - To downstream: {"sessionId":"c7315bd48b8b110d973d246dfb1ad667","status":0,"value":[{"ELEMENT":"0.688660713116078-3"}]}
14:53:46.604 INFO - Found handler: org.openqa.selenium.remote.server.ServicedSession@5324fe16
14:53:46.604 INFO - Handler thread for session c7315bd48b8b110d973d246dfb1ad667 (chrome): Executing GET on /session/c7315bd48b8b110d973d246dfb1ad667/element/0.688660713116078-3/text (handler: ServicedSession)
14:53:46.620 INFO - To downstream: {"sessionId":"c7315bd48b8b110d973d246dfb1ad667","status":0,"value":"Evens: [10,46,52]"}
14:53:46.620 INFO - Found handler: org.openqa.selenium.remote.server.ServicedSession@5324fe16
14:53:46.620 INFO - Handler thread for session c7315bd48b8b110d973d246dfb1ad667 (chrome): Executing POST on /session/c7315bd48b8b110d973d246dfb1ad667/elements (handler: ServicedSession)
14:53:46.620 INFO - To upstream: {"using":"css selector","value":"span[name=\"oddResults\"]"}
14:53:46.642 INFO - To downstream: {"sessionId":"c7315bd48b8b110d973d246dfb1ad667","status":0,"value":[{"ELEMENT":"0.688660713116078-4"}]}
14:53:46.645 INFO - Found handler: org.openqa.selenium.remote.server.ServicedSession@5324fe16
14:53:46.645 INFO - Handler thread for session c7315bd48b8b110d973d246dfb1ad667 (chrome): Executing GET on /session/c7315bd48b8b110d973d246dfb1ad667/element/0.688660713116078-4/text (handler: ServicedSession)
14:53:46.660 INFO - To downstream: {"sessionId":"c7315bd48b8b110d973d246dfb1ad667","status":0,"value":"Odds: [31,37,93]"}
14:53:46.665 INFO - Found handler: org.openqa.selenium.remote.server.ServicedSession@5324fe16
14:53:46.666 INFO - Handler thread for session c7315bd48b8b110d973d246dfb1ad667 (chrome): Executing POST on /session/c7315bd48b8b110d973d246dfb1ad667/url (handler: ServicedSession)
14:53:46.666 INFO - To upstream: {"url":"http://localhost:3000"}
14:53:46.815 INFO - To downstream: {"sessionId":"c7315bd48b8b110d973d246dfb1ad667","status":0,"value":null}
14:53:46.818 INFO - Found handler: org.openqa.selenium.remote.server.ServicedSession@5324fe16
14:53:46.818 INFO - Handler thread for session c7315bd48b8b110d973d246dfb1ad667 (chrome): Executing POST on /session/c7315bd48b8b110d973d246dfb1ad667/element (handler: ServicedSession)
14:53:46.819 INFO - To upstream: {"using":"css selector","value":"input[name=\"objectFilterInput\"]"}
14:53:46.833 INFO - To downstream: {"sessionId":"c7315bd48b8b110d973d246dfb1ad667","status":0,"value":{"ELEMENT":"0.08674778074581013-1"}}
14:53:46.836 INFO - Found handler: org.openqa.selenium.remote.server.ServicedSession@5324fe16
14:53:46.836 INFO - Handler thread for session c7315bd48b8b110d973d246dfb1ad667 (chrome): Executing POST on /session/c7315bd48b8b110d973d246dfb1ad667/element/0.08674778074581013-1/clear (handler: ServicedSession)
14:53:46.837 INFO - To upstream: 
14:53:46.854 INFO - To downstream: {"sessionId":"c7315bd48b8b110d973d246dfb1ad667","status":0,"value":null}
14:53:46.859 INFO - Found handler: org.openqa.selenium.remote.server.ServicedSession@5324fe16
14:53:46.859 INFO - Handler thread for session c7315bd48b8b110d973d246dfb1ad667 (chrome): Executing POST on /session/c7315bd48b8b110d973d246dfb1ad667/element (handler: ServicedSession)
14:53:46.860 INFO - To upstream: {"using":"css selector","value":"input[name=\"objectFilterInput\"]"}
14:53:46.867 INFO - To downstream: {"sessionId":"c7315bd48b8b110d973d246dfb1ad667","status":0,"value":{"ELEMENT":"0.08674778074581013-1"}}
14:53:46.869 INFO - Found handler: org.openqa.selenium.remote.server.ServicedSession@5324fe16
14:53:46.869 INFO - Handler thread for session c7315bd48b8b110d973d246dfb1ad667 (chrome): Executing POST on /session/c7315bd48b8b110d973d246dfb1ad667/element/0.08674778074581013-1/value (handler: ServicedSession)
14:53:46.870 INFO - To upstream: {"value":["t","i","t","l","e"]}
14:53:46.913 INFO - To downstream: {"sessionId":"c7315bd48b8b110d973d246dfb1ad667","status":0,"value":null}
14:53:46.916 INFO - Found handler: org.openqa.selenium.remote.server.ServicedSession@5324fe16
14:53:46.916 INFO - Handler thread for session c7315bd48b8b110d973d246dfb1ad667 (chrome): Executing POST on /session/c7315bd48b8b110d973d246dfb1ad667/element (handler: ServicedSession)
14:53:46.917 INFO - To upstream: {"using":"css selector","value":"input[name=\"objectFilterInput\"]"}
14:53:46.922 INFO - To downstream: {"sessionId":"c7315bd48b8b110d973d246dfb1ad667","status":0,"value":{"ELEMENT":"0.08674778074581013-1"}}
14:53:46.924 INFO - Found handler: org.openqa.selenium.remote.server.ServicedSession@5324fe16
14:53:46.925 INFO - Handler thread for session c7315bd48b8b110d973d246dfb1ad667 (chrome): Executing GET on /session/c7315bd48b8b110d973d246dfb1ad667/element/0.08674778074581013-1/attribute/value (handler: ServicedSession)
14:53:46.929 INFO - To downstream: {"sessionId":"c7315bd48b8b110d973d246dfb1ad667","status":0,"value":"title"}
14:53:46.931 INFO - Found handler: org.openqa.selenium.remote.server.ServicedSession@5324fe16
14:53:46.932 INFO - Handler thread for session c7315bd48b8b110d973d246dfb1ad667 (chrome): Executing POST on /session/c7315bd48b8b110d973d246dfb1ad667/element (handler: ServicedSession)
14:53:46.933 INFO - To upstream: {"using":"css selector","value":"button[name=\"objectFilterButton\"]"}
14:53:46.944 INFO - To downstream: {"sessionId":"c7315bd48b8b110d973d246dfb1ad667","status":0,"value":{"ELEMENT":"0.08674778074581013-2"}}
14:53:46.946 INFO - Found handler: org.openqa.selenium.remote.server.ServicedSession@5324fe16
14:53:46.946 INFO - Handler thread for session c7315bd48b8b110d973d246dfb1ad667 (chrome): Executing POST on /session/c7315bd48b8b110d973d246dfb1ad667/element/0.08674778074581013-2/click (handler: ServicedSession)
14:53:46.947 INFO - To upstream: 
14:53:46.995 INFO - To downstream: {"sessionId":"c7315bd48b8b110d973d246dfb1ad667","status":0,"value":null}
14:53:47.106 INFO - Found handler: org.openqa.selenium.remote.server.ServicedSession@5324fe16
14:53:47.107 INFO - Handler thread for session c7315bd48b8b110d973d246dfb1ad667 (chrome): Executing POST on /session/c7315bd48b8b110d973d246dfb1ad667/elements (handler: ServicedSession)
14:53:47.109 INFO - To upstream: {"using":"css selector","value":"span[name=\"objectFilterResults\"]"}
14:53:47.137 INFO - To downstream: {"sessionId":"c7315bd48b8b110d973d246dfb1ad667","status":0,"value":[{"ELEMENT":"0.08674778074581013-3"}]}
14:53:47.137 INFO - Found handler: org.openqa.selenium.remote.server.ServicedSession@5324fe16
14:53:47.137 INFO - Handler thread for session c7315bd48b8b110d973d246dfb1ad667 (chrome): Executing GET on /session/c7315bd48b8b110d973d246dfb1ad667/element/0.08674778074581013-3/text (handler: ServicedSession)
14:53:47.152 INFO - To downstream: {"sessionId":"c7315bd48b8b110d973d246dfb1ad667","status":0,"value":"Filtered: [ { \"name\": \"Jimmy Joe\", \"title\": \"Hack0r\", \"age\": 12 }, { \"name\": \"Carly Armstrong\", \"title\": \"CEO\" } ]"}
14:53:47.152 INFO - Found handler: org.openqa.selenium.remote.server.ServicedSession@5324fe16
14:53:47.152 INFO - Handler thread for session c7315bd48b8b110d973d246dfb1ad667 (chrome): Executing POST on /session/c7315bd48b8b110d973d246dfb1ad667/url (handler: ServicedSession)
14:53:47.152 INFO - To upstream: {"url":"http://localhost:3000"}
14:53:47.228 INFO - To downstream: {"sessionId":"c7315bd48b8b110d973d246dfb1ad667","status":0,"value":null}
14:53:47.233 INFO - Found handler: org.openqa.selenium.remote.server.ServicedSession@5324fe16
14:53:47.233 INFO - Handler thread for session c7315bd48b8b110d973d246dfb1ad667 (chrome): Executing POST on /session/c7315bd48b8b110d973d246dfb1ad667/element (handler: ServicedSession)
14:53:47.234 INFO - To upstream: {"using":"css selector","value":"input[id=\"nameFilterInput\"]"}
14:53:47.248 INFO - To downstream: {"sessionId":"c7315bd48b8b110d973d246dfb1ad667","status":0,"value":{"ELEMENT":"0.4000901241672785-1"}}
14:53:47.250 INFO - Found handler: org.openqa.selenium.remote.server.ServicedSession@5324fe16
14:53:47.250 INFO - Handler thread for session c7315bd48b8b110d973d246dfb1ad667 (chrome): Executing POST on /session/c7315bd48b8b110d973d246dfb1ad667/element/0.4000901241672785-1/clear (handler: ServicedSession)
14:53:47.251 INFO - To upstream: 
14:53:47.267 INFO - To downstream: {"sessionId":"c7315bd48b8b110d973d246dfb1ad667","status":0,"value":null}
14:53:47.270 INFO - Found handler: org.openqa.selenium.remote.server.ServicedSession@5324fe16
14:53:47.270 INFO - Handler thread for session c7315bd48b8b110d973d246dfb1ad667 (chrome): Executing POST on /session/c7315bd48b8b110d973d246dfb1ad667/element (handler: ServicedSession)
14:53:47.271 INFO - To upstream: {"using":"css selector","value":"input[id=\"nameFilterInput\"]"}
14:53:47.278 INFO - To downstream: {"sessionId":"c7315bd48b8b110d973d246dfb1ad667","status":0,"value":{"ELEMENT":"0.4000901241672785-1"}}
14:53:47.281 INFO - Found handler: org.openqa.selenium.remote.server.ServicedSession@5324fe16
14:53:47.281 INFO - Handler thread for session c7315bd48b8b110d973d246dfb1ad667 (chrome): Executing POST on /session/c7315bd48b8b110d973d246dfb1ad667/element/0.4000901241672785-1/value (handler: ServicedSession)
14:53:47.282 INFO - To upstream: {"value":["e","s"]}
14:53:47.318 INFO - To downstream: {"sessionId":"c7315bd48b8b110d973d246dfb1ad667","status":0,"value":null}
14:53:47.321 INFO - Found handler: org.openqa.selenium.remote.server.ServicedSession@5324fe16
14:53:47.321 INFO - Handler thread for session c7315bd48b8b110d973d246dfb1ad667 (chrome): Executing POST on /session/c7315bd48b8b110d973d246dfb1ad667/element (handler: ServicedSession)
14:53:47.323 INFO - To upstream: {"using":"css selector","value":"input[id=\"nameFilterInput\"]"}
14:53:47.329 INFO - To downstream: {"sessionId":"c7315bd48b8b110d973d246dfb1ad667","status":0,"value":{"ELEMENT":"0.4000901241672785-1"}}
14:53:47.331 INFO - Found handler: org.openqa.selenium.remote.server.ServicedSession@5324fe16
14:53:47.331 INFO - Handler thread for session c7315bd48b8b110d973d246dfb1ad667 (chrome): Executing GET on /session/c7315bd48b8b110d973d246dfb1ad667/element/0.4000901241672785-1/attribute/value (handler: ServicedSession)
14:53:47.336 INFO - To downstream: {"sessionId":"c7315bd48b8b110d973d246dfb1ad667","status":0,"value":"es"}
14:53:47.338 INFO - Found handler: org.openqa.selenium.remote.server.ServicedSession@5324fe16
14:53:47.339 INFO - Handler thread for session c7315bd48b8b110d973d246dfb1ad667 (chrome): Executing POST on /session/c7315bd48b8b110d973d246dfb1ad667/element (handler: ServicedSession)
14:53:47.340 INFO - To upstream: {"using":"css selector","value":"button[id=\"nameFilterButton\"]"}
14:53:47.350 INFO - To downstream: {"sessionId":"c7315bd48b8b110d973d246dfb1ad667","status":0,"value":{"ELEMENT":"0.4000901241672785-2"}}
14:53:47.352 INFO - Found handler: org.openqa.selenium.remote.server.ServicedSession@5324fe16
14:53:47.353 INFO - Handler thread for session c7315bd48b8b110d973d246dfb1ad667 (chrome): Executing POST on /session/c7315bd48b8b110d973d246dfb1ad667/element/0.4000901241672785-2/click (handler: ServicedSession)
14:53:47.354 INFO - To upstream: 
14:53:47.391 INFO - To downstream: {"sessionId":"c7315bd48b8b110d973d246dfb1ad667","status":0,"value":null}
14:53:47.496 INFO - Found handler: org.openqa.selenium.remote.server.ServicedSession@5324fe16
14:53:47.496 INFO - Handler thread for session c7315bd48b8b110d973d246dfb1ad667 (chrome): Executing POST on /session/c7315bd48b8b110d973d246dfb1ad667/elements (handler: ServicedSession)
14:53:47.499 INFO - To upstream: {"using":"css selector","value":"span[name=\"nameFilterResults\"]"}
14:53:47.516 INFO - To downstream: {"sessionId":"c7315bd48b8b110d973d246dfb1ad667","status":0,"value":[{"ELEMENT":"0.4000901241672785-3"}]}
14:53:47.516 INFO - Found handler: org.openqa.selenium.remote.server.ServicedSession@5324fe16
14:53:47.516 INFO - Handler thread for session c7315bd48b8b110d973d246dfb1ad667 (chrome): Executing GET on /session/c7315bd48b8b110d973d246dfb1ad667/element/0.4000901241672785-3/text (handler: ServicedSession)
14:53:47.532 INFO - To downstream: {"sessionId":"c7315bd48b8b110d973d246dfb1ad667","status":0,"value":"Filtered Names: [ \"James\", \"Jessica\" ]"}
14:53:47.532 INFO - Found handler: org.openqa.selenium.remote.server.ServicedSession@5324fe16
14:53:47.532 INFO - Handler thread for session c7315bd48b8b110d973d246dfb1ad667 (chrome): Executing POST on /session/c7315bd48b8b110d973d246dfb1ad667/url (handler: ServicedSession)
14:53:47.532 INFO - To upstream: {"url":"http://localhost:3000"}
14:53:47.578 INFO - To downstream: {"sessionId":"c7315bd48b8b110d973d246dfb1ad667","status":0,"value":null}
14:53:47.582 INFO - Found handler: org.openqa.selenium.remote.server.ServicedSession@5324fe16
14:53:47.582 INFO - Handler thread for session c7315bd48b8b110d973d246dfb1ad667 (chrome): Executing POST on /session/c7315bd48b8b110d973d246dfb1ad667/element (handler: ServicedSession)
14:53:47.585 INFO - To upstream: {"using":"css selector","value":"input[name=\"palindromeInput\"]"}
14:53:47.601 INFO - To downstream: {"sessionId":"c7315bd48b8b110d973d246dfb1ad667","status":0,"value":{"ELEMENT":"0.7417129733300711-1"}}
14:53:47.604 INFO - Found handler: org.openqa.selenium.remote.server.ServicedSession@5324fe16
14:53:47.604 INFO - Handler thread for session c7315bd48b8b110d973d246dfb1ad667 (chrome): Executing POST on /session/c7315bd48b8b110d973d246dfb1ad667/element/0.7417129733300711-1/clear (handler: ServicedSession)
14:53:47.605 INFO - To upstream: 
14:53:47.622 INFO - To downstream: {"sessionId":"c7315bd48b8b110d973d246dfb1ad667","status":0,"value":null}
14:53:47.625 INFO - Found handler: org.openqa.selenium.remote.server.ServicedSession@5324fe16
14:53:47.625 INFO - Handler thread for session c7315bd48b8b110d973d246dfb1ad667 (chrome): Executing POST on /session/c7315bd48b8b110d973d246dfb1ad667/element (handler: ServicedSession)
14:53:47.626 INFO - To upstream: {"using":"css selector","value":"input[name=\"palindromeInput\"]"}
14:53:47.632 INFO - To downstream: {"sessionId":"c7315bd48b8b110d973d246dfb1ad667","status":0,"value":{"ELEMENT":"0.7417129733300711-1"}}
14:53:47.635 INFO - Found handler: org.openqa.selenium.remote.server.ServicedSession@5324fe16
14:53:47.635 INFO - Handler thread for session c7315bd48b8b110d973d246dfb1ad667 (chrome): Executing POST on /session/c7315bd48b8b110d973d246dfb1ad667/element/0.7417129733300711-1/value (handler: ServicedSession)
14:53:47.636 INFO - To upstream: {"value":["r","a","c","e","c","a","r"]}
14:53:47.682 INFO - To downstream: {"sessionId":"c7315bd48b8b110d973d246dfb1ad667","status":0,"value":null}
14:53:47.684 INFO - Found handler: org.openqa.selenium.remote.server.ServicedSession@5324fe16
14:53:47.684 INFO - Handler thread for session c7315bd48b8b110d973d246dfb1ad667 (chrome): Executing POST on /session/c7315bd48b8b110d973d246dfb1ad667/element (handler: ServicedSession)
14:53:47.685 INFO - To upstream: {"using":"css selector","value":"input[name=\"palindromeInput\"]"}
14:53:47.691 INFO - To downstream: {"sessionId":"c7315bd48b8b110d973d246dfb1ad667","status":0,"value":{"ELEMENT":"0.7417129733300711-1"}}
14:53:47.693 INFO - Found handler: org.openqa.selenium.remote.server.ServicedSession@5324fe16
14:53:47.693 INFO - Handler thread for session c7315bd48b8b110d973d246dfb1ad667 (chrome): Executing GET on /session/c7315bd48b8b110d973d246dfb1ad667/element/0.7417129733300711-1/attribute/value (handler: ServicedSession)
14:53:47.697 INFO - To downstream: {"sessionId":"c7315bd48b8b110d973d246dfb1ad667","status":0,"value":"racecar"}
14:53:47.700 INFO - Found handler: org.openqa.selenium.remote.server.ServicedSession@5324fe16
14:53:47.700 INFO - Handler thread for session c7315bd48b8b110d973d246dfb1ad667 (chrome): Executing POST on /session/c7315bd48b8b110d973d246dfb1ad667/element (handler: ServicedSession)
14:53:47.701 INFO - To upstream: {"using":"css selector","value":"button[name=\"palindromeButton\"]"}
14:53:47.713 INFO - To downstream: {"sessionId":"c7315bd48b8b110d973d246dfb1ad667","status":0,"value":{"ELEMENT":"0.7417129733300711-2"}}
14:53:47.715 INFO - Found handler: org.openqa.selenium.remote.server.ServicedSession@5324fe16
14:53:47.716 INFO - Handler thread for session c7315bd48b8b110d973d246dfb1ad667 (chrome): Executing POST on /session/c7315bd48b8b110d973d246dfb1ad667/element/0.7417129733300711-2/click (handler: ServicedSession)
14:53:47.717 INFO - To upstream: 
14:53:47.762 INFO - To downstream: {"sessionId":"c7315bd48b8b110d973d246dfb1ad667","status":0,"value":null}
14:53:47.870 INFO - Found handler: org.openqa.selenium.remote.server.ServicedSession@5324fe16
14:53:47.870 INFO - Handler thread for session c7315bd48b8b110d973d246dfb1ad667 (chrome): Executing POST on /session/c7315bd48b8b110d973d246dfb1ad667/elements (handler: ServicedSession)
14:53:47.873 INFO - To upstream: {"using":"css selector","value":"span[name=\"palindromeResults\"]"}
14:53:47.891 INFO - To downstream: {"sessionId":"c7315bd48b8b110d973d246dfb1ad667","status":0,"value":[{"ELEMENT":"0.7417129733300711-3"}]}
14:53:47.907 INFO - Found handler: org.openqa.selenium.remote.server.ServicedSession@5324fe16
14:53:47.907 INFO - Handler thread for session c7315bd48b8b110d973d246dfb1ad667 (chrome): Executing GET on /session/c7315bd48b8b110d973d246dfb1ad667/element/0.7417129733300711-3/text (handler: ServicedSession)
14:53:47.907 INFO - To downstream: {"sessionId":"c7315bd48b8b110d973d246dfb1ad667","status":0,"value":"Palindrome: true"}
14:53:47.922 INFO - Found handler: org.openqa.selenium.remote.server.ServicedSession@5324fe16
14:53:47.922 INFO - Handler thread for session c7315bd48b8b110d973d246dfb1ad667 (chrome): Executing POST on /session/c7315bd48b8b110d973d246dfb1ad667/url (handler: ServicedSession)
14:53:47.922 INFO - To upstream: {"url":"http://localhost:3000"}
14:53:47.967 INFO - To downstream: {"sessionId":"c7315bd48b8b110d973d246dfb1ad667","status":0,"value":null}
14:53:47.971 INFO - Found handler: org.openqa.selenium.remote.server.ServicedSession@5324fe16
14:53:47.971 INFO - Handler thread for session c7315bd48b8b110d973d246dfb1ad667 (chrome): Executing POST on /session/c7315bd48b8b110d973d246dfb1ad667/element (handler: ServicedSession)
14:53:47.974 INFO - To upstream: {"using":"css selector","value":"input[name=\"sumInput1\"]"}
14:53:47.989 INFO - To downstream: {"sessionId":"c7315bd48b8b110d973d246dfb1ad667","status":0,"value":{"ELEMENT":"0.5888497327862148-1"}}
14:53:47.993 INFO - Found handler: org.openqa.selenium.remote.server.ServicedSession@5324fe16
14:53:47.994 INFO - Handler thread for session c7315bd48b8b110d973d246dfb1ad667 (chrome): Executing POST on /session/c7315bd48b8b110d973d246dfb1ad667/element/0.5888497327862148-1/clear (handler: ServicedSession)
14:53:47.994 INFO - To upstream: 
14:53:48.010 INFO - To downstream: {"sessionId":"c7315bd48b8b110d973d246dfb1ad667","status":0,"value":null}
14:53:48.012 INFO - Found handler: org.openqa.selenium.remote.server.ServicedSession@5324fe16
14:53:48.013 INFO - Handler thread for session c7315bd48b8b110d973d246dfb1ad667 (chrome): Executing POST on /session/c7315bd48b8b110d973d246dfb1ad667/element (handler: ServicedSession)
14:53:48.014 INFO - To upstream: {"using":"css selector","value":"input[name=\"sumInput1\"]"}
14:53:48.022 INFO - To downstream: {"sessionId":"c7315bd48b8b110d973d246dfb1ad667","status":0,"value":{"ELEMENT":"0.5888497327862148-1"}}
14:53:48.025 INFO - Found handler: org.openqa.selenium.remote.server.ServicedSession@5324fe16
14:53:48.025 INFO - Handler thread for session c7315bd48b8b110d973d246dfb1ad667 (chrome): Executing POST on /session/c7315bd48b8b110d973d246dfb1ad667/element/0.5888497327862148-1/value (handler: ServicedSession)
14:53:48.026 INFO - To upstream: {"value":["5","6"]}
14:53:48.056 INFO - To downstream: {"sessionId":"c7315bd48b8b110d973d246dfb1ad667","status":0,"value":null}
14:53:48.059 INFO - Found handler: org.openqa.selenium.remote.server.ServicedSession@5324fe16
14:53:48.059 INFO - Handler thread for session c7315bd48b8b110d973d246dfb1ad667 (chrome): Executing POST on /session/c7315bd48b8b110d973d246dfb1ad667/element (handler: ServicedSession)
14:53:48.060 INFO - To upstream: {"using":"css selector","value":"input[name=\"sumInput1\"]"}
14:53:48.064 INFO - To downstream: {"sessionId":"c7315bd48b8b110d973d246dfb1ad667","status":0,"value":{"ELEMENT":"0.5888497327862148-1"}}
14:53:48.066 INFO - Found handler: org.openqa.selenium.remote.server.ServicedSession@5324fe16
14:53:48.066 INFO - Handler thread for session c7315bd48b8b110d973d246dfb1ad667 (chrome): Executing GET on /session/c7315bd48b8b110d973d246dfb1ad667/element/0.5888497327862148-1/attribute/value (handler: ServicedSession)
14:53:48.071 INFO - To downstream: {"sessionId":"c7315bd48b8b110d973d246dfb1ad667","status":0,"value":"56"}
14:53:48.074 INFO - Found handler: org.openqa.selenium.remote.server.ServicedSession@5324fe16
14:53:48.074 INFO - Handler thread for session c7315bd48b8b110d973d246dfb1ad667 (chrome): Executing POST on /session/c7315bd48b8b110d973d246dfb1ad667/element (handler: ServicedSession)
14:53:48.075 INFO - To upstream: {"using":"css selector","value":"input[name=\"sumInput2\"]"}
14:53:48.086 INFO - To downstream: {"sessionId":"c7315bd48b8b110d973d246dfb1ad667","status":0,"value":{"ELEMENT":"0.5888497327862148-2"}}
14:53:48.089 INFO - Found handler: org.openqa.selenium.remote.server.ServicedSession@5324fe16
14:53:48.090 INFO - Handler thread for session c7315bd48b8b110d973d246dfb1ad667 (chrome): Executing POST on /session/c7315bd48b8b110d973d246dfb1ad667/element/0.5888497327862148-2/clear (handler: ServicedSession)
14:53:48.090 INFO - To upstream: 
14:53:48.104 INFO - To downstream: {"sessionId":"c7315bd48b8b110d973d246dfb1ad667","status":0,"value":null}
14:53:48.107 INFO - Found handler: org.openqa.selenium.remote.server.ServicedSession@5324fe16
14:53:48.107 INFO - Handler thread for session c7315bd48b8b110d973d246dfb1ad667 (chrome): Executing POST on /session/c7315bd48b8b110d973d246dfb1ad667/element (handler: ServicedSession)
14:53:48.108 INFO - To upstream: {"using":"css selector","value":"input[name=\"sumInput2\"]"}
14:53:48.114 INFO - To downstream: {"sessionId":"c7315bd48b8b110d973d246dfb1ad667","status":0,"value":{"ELEMENT":"0.5888497327862148-2"}}
14:53:48.116 INFO - Found handler: org.openqa.selenium.remote.server.ServicedSession@5324fe16
14:53:48.116 INFO - Handler thread for session c7315bd48b8b110d973d246dfb1ad667 (chrome): Executing POST on /session/c7315bd48b8b110d973d246dfb1ad667/element/0.5888497327862148-2/value (handler: ServicedSession)
14:53:48.117 INFO - To upstream: {"value":["7","2","8"]}
14:53:48.148 INFO - To downstream: {"sessionId":"c7315bd48b8b110d973d246dfb1ad667","status":0,"value":null}
14:53:48.150 INFO - Found handler: org.openqa.selenium.remote.server.ServicedSession@5324fe16
14:53:48.150 INFO - Handler thread for session c7315bd48b8b110d973d246dfb1ad667 (chrome): Executing POST on /session/c7315bd48b8b110d973d246dfb1ad667/element (handler: ServicedSession)
14:53:48.151 INFO - To upstream: {"using":"css selector","value":"input[name=\"sumInput2\"]"}
14:53:48.157 INFO - To downstream: {"sessionId":"c7315bd48b8b110d973d246dfb1ad667","status":0,"value":{"ELEMENT":"0.5888497327862148-2"}}
14:53:48.159 INFO - Found handler: org.openqa.selenium.remote.server.ServicedSession@5324fe16
14:53:48.159 INFO - Handler thread for session c7315bd48b8b110d973d246dfb1ad667 (chrome): Executing GET on /session/c7315bd48b8b110d973d246dfb1ad667/element/0.5888497327862148-2/attribute/value (handler: ServicedSession)
14:53:48.164 INFO - To downstream: {"sessionId":"c7315bd48b8b110d973d246dfb1ad667","status":0,"value":"728"}
14:53:48.167 INFO - Found handler: org.openqa.selenium.remote.server.ServicedSession@5324fe16
14:53:48.167 INFO - Handler thread for session c7315bd48b8b110d973d246dfb1ad667 (chrome): Executing POST on /session/c7315bd48b8b110d973d246dfb1ad667/element (handler: ServicedSession)
14:53:48.168 INFO - To upstream: {"using":"css selector","value":"button[name=\"sumButton\"]"}
14:53:48.179 INFO - To downstream: {"sessionId":"c7315bd48b8b110d973d246dfb1ad667","status":0,"value":{"ELEMENT":"0.5888497327862148-3"}}
14:53:48.181 INFO - Found handler: org.openqa.selenium.remote.server.ServicedSession@5324fe16
14:53:48.181 INFO - Handler thread for session c7315bd48b8b110d973d246dfb1ad667 (chrome): Executing POST on /session/c7315bd48b8b110d973d246dfb1ad667/element/0.5888497327862148-3/click (handler: ServicedSession)
14:53:48.182 INFO - To upstream: 
14:53:48.219 INFO - To downstream: {"sessionId":"c7315bd48b8b110d973d246dfb1ad667","status":0,"value":null}
14:53:48.323 INFO - Found handler: org.openqa.selenium.remote.server.ServicedSession@5324fe16
14:53:48.323 INFO - Handler thread for session c7315bd48b8b110d973d246dfb1ad667 (chrome): Executing POST on /session/c7315bd48b8b110d973d246dfb1ad667/elements (handler: ServicedSession)
14:53:48.324 INFO - To upstream: {"using":"css selector","value":"span[name=\"sumResults\"]"}
14:53:48.339 INFO - To downstream: {"sessionId":"c7315bd48b8b110d973d246dfb1ad667","status":0,"value":[{"ELEMENT":"0.5888497327862148-4"}]}
14:53:48.341 INFO - Found handler: org.openqa.selenium.remote.server.ServicedSession@5324fe16
14:53:48.341 INFO - Handler thread for session c7315bd48b8b110d973d246dfb1ad667 (chrome): Executing GET on /session/c7315bd48b8b110d973d246dfb1ad667/element/0.5888497327862148-4/text (handler: ServicedSession)
14:53:48.353 INFO - To downstream: {"sessionId":"c7315bd48b8b110d973d246dfb1ad667","status":0,"value":"Sum: 784"}
14:53:48.353 INFO - Found handler: org.openqa.selenium.remote.server.ServicedSession@5324fe16
14:53:48.353 INFO - Handler thread for session c7315bd48b8b110d973d246dfb1ad667 (chrome): Executing DELETE on /session/c7315bd48b8b110d973d246dfb1ad667 (handler: ServicedSession)
14:53:48.455 INFO - To downstream: {"sessionId":"c7315bd48b8b110d973d246dfb1ad667","status":0,"value":null}
14:53:48.455 INFO - Removing session org.openqa.selenium.remote.server.ServicedSession@5324fe16
